  Building Custom Rule E:/playground/vkmc/flecs/CMakeLists.txt
  app.c
  coredoc.c
  doc.c
  strutil.c
  vars.c
  flecs_cpp.c
  http.c
  json.c
  serialize_type_info.c
  log.c
  api.c
  cursor.c
  meta.c
  serialized.c
  meta_c.c
  module.c
  monitor.c
  os_api_impl.c
  parser.c
  pipeline.c
  正在生成代码...
  正在编译...
  worker.c
  plecs.c
  rest.c
  rules.c
  snapshot.c
  stats.c
  system.c
  timer.c
  units.c
  bootstrap.c
  allocator.c
  bitset.c
  block_allocator.c
  hash.c
  hashmap.c
  map.c
  name_index.c
  qsort.c
  sparse.c
  stack_allocator.c
  正在生成代码...
  正在编译...
  strbuf.c
  switch_list.c
  vec.c
  vector.c
  entity.c
  filter.c
  hierarchy.c
  id_record.c
  iter.c
  misc.c
  observable.c
  observer.c
  os_api.c
  poly.c
  query.c
  search.c
  stage.c
  table.c
  table_cache.c
  table_graph.c
  正在生成代码...
  正在编译...
  value.c
  world.c
  正在生成代码...
  deserialize.c
  serialize.c
  deserialize.c
  serialize.c
    正在创建库 E:/playground/vkmc/build/flecs/Debug/flecs.lib 和对象 E:/playground/vkmc/build/flecs/Debug/flecs.exp
  flecs.vcxproj -> E:\playground\vkmc\build\flecs\Debug\flecs.dll
